<?xml version="1.0" encoding="UTF-8"?>
<!-- Generated by org.testng.reporters.JUnitReportReporter -->
<testsuite hostname="user-PC" name="Practice.CICDTest.Test1" tests="1" failures="0" timestamp="15 Feb 2021 21:11:49 GMT" time="41.707" errors="0">
  <testcase name="loginTest" time="41.707" classname="Practice.CICDTest.Test1"/>
</testsuite> <!-- Practice.CICDTest.Test1 -->
